[1.543s] DEBUG:colcon:Command line arguments: ['/usr/bin/colcon', 'build']
[1.543s] DEBUG:colcon:Parsed command line arguments: Namespace(allow_overriding=[], ament_cmake_args=None, base_paths=['.'], build_base='build', catkin_cmake_args=None, catkin_skip_building_tests=False, cmake_args=None, cmake_clean_cache=False, cmake_clean_first=False, cmake_force_configure=False, cmake_target=None, cmake_target_skip_unavailable=False, continue_on_error=False, event_handlers=None, executor='parallel', ignore_user_meta=False, install_base='install', log_base=None, log_level=None, main=<bound method BuildVerb.main of <colcon_core.verb.build.BuildVerb object at 0x7f1eb824a400>>, merge_install=False, metas=['./colcon.meta'], packages_above=None, packages_above_and_dependencies=None, packages_above_depth=None, packages_end=None, packages_ignore=None, packages_ignore_regex=None, packages_select=None, packages_select_build_failed=False, packages_select_by_dep=None, packages_select_regex=None, packages_select_test_failures=False, packages_skip=None, packages_skip_build_finished=False, packages_skip_by_dep=None, packages_skip_regex=None, packages_skip_test_passed=False, packages_skip_up_to=None, packages_start=None, packages_up_to=None, packages_up_to_regex=None, parallel_workers=16, paths=None, symlink_install=False, test_result_base=None, verb_extension=<colcon_core.verb.build.BuildVerb object at 0x7f1eb824a400>, verb_name='build', verb_parser=<colcon_defaults.argument_parser.defaults.DefaultArgumentsDecorator object at 0x7f1eb81f6850>)
[1.606s] Level 1:colcon.colcon_core.package_discovery:discover_packages(colcon_meta) check parameters
[1.606s] Level 1:colcon.colcon_core.package_discovery:discover_packages(recursive) check parameters
[1.606s] Level 1:colcon.colcon_core.package_discovery:discover_packages(ignore) check parameters
[1.606s] Level 1:colcon.colcon_core.package_discovery:discover_packages(path) check parameters
[1.606s] Level 1:colcon.colcon_core.package_discovery:discover_packages(colcon_meta) discover
[1.606s] Level 1:colcon.colcon_core.package_discovery:discover_packages(recursive) discover
[1.606s] INFO:colcon.colcon_core.package_discovery:Crawling recursively for packages in '/home/ceu/Desktop/LIO-SAM'
[1.606s] Level 1:colcon.colcon_core.package_identification:_identify(.) by extensions ['ignore', 'ignore_ament_install']
[1.606s] Level 1:colcon.colcon_core.package_identification:_identify(.) by extension 'ignore'
[1.606s] Level 1:colcon.colcon_core.package_identification:_identify(.) by extension 'ignore_ament_install'
[1.606s] Level 1:colcon.colcon_core.package_identification:_identify(.) by extensions ['colcon_pkg']
[1.606s] Level 1:colcon.colcon_core.package_identification:_identify(.) by extension 'colcon_pkg'
[1.606s] Level 1:colcon.colcon_core.package_identification:_identify(.) by extensions ['colcon_meta']
[1.606s] Level 1:colcon.colcon_core.package_identification:_identify(.) by extension 'colcon_meta'
[1.606s] Level 1:colcon.colcon_core.package_identification:_identify(.) by extensions ['ros']
[1.606s] Level 1:colcon.colcon_core.package_identification:_identify(.) by extension 'ros'
[1.623s] DEBUG:colcon.colcon_core.package_identification:Package '.' with type 'ros.ament_cmake' and name 'lio_sam'
[1.623s] Level 1:colcon.colcon_core.package_discovery:discover_packages(recursive) using defaults
[1.623s] Level 1:colcon.colcon_core.package_discovery:discover_packages(ignore) discover
[1.623s] Level 1:colcon.colcon_core.package_discovery:discover_packages(ignore) using defaults
[1.623s] Level 1:colcon.colcon_core.package_discovery:discover_packages(path) discover
[1.623s] Level 1:colcon.colcon_core.package_discovery:discover_packages(path) using defaults
[1.666s] Level 1:colcon.colcon_core.package_discovery:discover_packages(prefix_path) check parameters
[1.666s] Level 1:colcon.colcon_core.package_discovery:discover_packages(prefix_path) discover
[1.679s] DEBUG:colcon.colcon_installed_package_information.package_discovery:Found 301 installed packages in /opt/ros/foxy
[1.680s] Level 1:colcon.colcon_core.package_discovery:discover_packages(prefix_path) using defaults
[1.719s] Level 5:colcon.colcon_core.verb:set package 'lio_sam' build argument 'cmake_args' from command line to 'None'
[1.719s] Level 5:colcon.colcon_core.verb:set package 'lio_sam' build argument 'cmake_target' from command line to 'None'
[1.719s] Level 5:colcon.colcon_core.verb:set package 'lio_sam' build argument 'cmake_target_skip_unavailable' from command line to 'False'
[1.719s] Level 5:colcon.colcon_core.verb:set package 'lio_sam' build argument 'cmake_clean_cache' from command line to 'False'
[1.719s] Level 5:colcon.colcon_core.verb:set package 'lio_sam' build argument 'cmake_clean_first' from command line to 'False'
[1.719s] Level 5:colcon.colcon_core.verb:set package 'lio_sam' build argument 'cmake_force_configure' from command line to 'False'
[1.719s] Level 5:colcon.colcon_core.verb:set package 'lio_sam' build argument 'ament_cmake_args' from command line to 'None'
[1.719s] Level 5:colcon.colcon_core.verb:set package 'lio_sam' build argument 'catkin_cmake_args' from command line to 'None'
[1.719s] Level 5:colcon.colcon_core.verb:set package 'lio_sam' build argument 'catkin_skip_building_tests' from command line to 'False'
[1.719s] DEBUG:colcon.colcon_core.verb:Building package 'lio_sam' with the following arguments: {'ament_cmake_args': None, 'build_base': '/home/ceu/Desktop/LIO-SAM/build/lio_sam', 'catkin_cmake_args': None, 'catkin_skip_building_tests': False, 'cmake_args': None, 'cmake_clean_cache': False, 'cmake_clean_first': False, 'cmake_force_configure': False, 'cmake_target': None, 'cmake_target_skip_unavailable': False, 'install_base': '/home/ceu/Desktop/LIO-SAM/install/lio_sam', 'merge_install': False, 'path': '/home/ceu/Desktop/LIO-SAM', 'symlink_install': False, 'test_result_base': None}
[1.725s] INFO:colcon.colcon_core.executor:Executing jobs using 'parallel' executor
[1.732s] DEBUG:colcon.colcon_parallel_executor.executor.parallel:run_until_complete
[1.732s] INFO:colcon.colcon_ros.task.ament_cmake.build:Building ROS package in '/home/ceu/Desktop/LIO-SAM' with build type 'ament_cmake'
[1.732s] INFO:colcon.colcon_cmake.task.cmake.build:Building CMake package in '/home/ceu/Desktop/LIO-SAM'
[1.739s] INFO:colcon.colcon_core.plugin_system:Skipping extension 'colcon_core.shell.bat': Not used on non-Windows systems
[1.739s] INFO:colcon.colcon_core.shell:Skip shell extension 'powershell' for command environment: Not usable outside of PowerShell
[1.739s] DEBUG:colcon.colcon_core.shell:Skip shell extension 'dsv' for command environment
[1.757s] DEBUG:colcon.colcon_core.event_handler.log_command:Invoking command in '/home/ceu/Desktop/LIO-SAM/build/lio_sam': CMAKE_PREFIX_PATH=/opt/ros/foxy /usr/bin/cmake /home/ceu/Desktop/LIO-SAM -DCMAKE_INSTALL_PREFIX=/home/ceu/Desktop/LIO-SAM/install/lio_sam
[4.824s] DEBUG:colcon.colcon_core.event_handler.log_command:Invoked command in '/home/ceu/Desktop/LIO-SAM/build/lio_sam' returned '0': CMAKE_PREFIX_PATH=/opt/ros/foxy /usr/bin/cmake /home/ceu/Desktop/LIO-SAM -DCMAKE_INSTALL_PREFIX=/home/ceu/Desktop/LIO-SAM/install/lio_sam
[4.824s] DEBUG:colcon.colcon_core.event_handler.log_command:Invoking command in '/home/ceu/Desktop/LIO-SAM/build/lio_sam': CMAKE_PREFIX_PATH=/opt/ros/foxy /usr/bin/cmake --build /home/ceu/Desktop/LIO-SAM/build/lio_sam -- -j16 -l16
[46.591s] DEBUG:colcon.colcon_core.event_handler.log_command:Invoked command in '/home/ceu/Desktop/LIO-SAM/build/lio_sam' returned '0': CMAKE_PREFIX_PATH=/opt/ros/foxy /usr/bin/cmake --build /home/ceu/Desktop/LIO-SAM/build/lio_sam -- -j16 -l16
[46.633s] DEBUG:colcon.colcon_core.event_handler.log_command:Invoking command in '/home/ceu/Desktop/LIO-SAM/build/lio_sam': CMAKE_PREFIX_PATH=/opt/ros/foxy /usr/bin/cmake --install /home/ceu/Desktop/LIO-SAM/build/lio_sam
[46.740s] Level 1:colcon.colcon_core.environment:create_environment_scripts_only(lio_sam)
[46.740s] DEBUG:colcon.colcon_core.event_handler.log_command:Invoked command in '/home/ceu/Desktop/LIO-SAM/build/lio_sam' returned '0': CMAKE_PREFIX_PATH=/opt/ros/foxy /usr/bin/cmake --install /home/ceu/Desktop/LIO-SAM/build/lio_sam
[46.748s] Level 1:colcon.colcon_core.environment:checking '/home/ceu/Desktop/LIO-SAM/install/lio_sam' for CMake module files
[46.749s] Level 1:colcon.colcon_core.environment:checking '/home/ceu/Desktop/LIO-SAM/install/lio_sam' for CMake config files
[46.749s] Level 1:colcon.colcon_core.shell:create_environment_hook('lio_sam', 'cmake_prefix_path')
[46.755s] INFO:colcon.colcon_core.shell:Creating environment hook '/home/ceu/Desktop/LIO-SAM/install/lio_sam/share/lio_sam/hook/cmake_prefix_path.ps1'
[46.755s] INFO:colcon.colcon_core.shell:Creating environment descriptor '/home/ceu/Desktop/LIO-SAM/install/lio_sam/share/lio_sam/hook/cmake_prefix_path.dsv'
[46.755s] INFO:colcon.colcon_core.shell:Creating environment hook '/home/ceu/Desktop/LIO-SAM/install/lio_sam/share/lio_sam/hook/cmake_prefix_path.sh'
[46.756s] Level 1:colcon.colcon_core.environment:checking '/home/ceu/Desktop/LIO-SAM/install/lio_sam/lib'
[46.756s] Level 1:colcon.colcon_core.shell:create_environment_hook('lio_sam', 'ld_library_path_lib')
[46.761s] INFO:colcon.colcon_core.shell:Creating environment hook '/home/ceu/Desktop/LIO-SAM/install/lio_sam/share/lio_sam/hook/ld_library_path_lib.ps1'
[46.761s] INFO:colcon.colcon_core.shell:Creating environment descriptor '/home/ceu/Desktop/LIO-SAM/install/lio_sam/share/lio_sam/hook/ld_library_path_lib.dsv'
[46.762s] INFO:colcon.colcon_core.shell:Creating environment hook '/home/ceu/Desktop/LIO-SAM/install/lio_sam/share/lio_sam/hook/ld_library_path_lib.sh'
[46.762s] Level 1:colcon.colcon_core.environment:checking '/home/ceu/Desktop/LIO-SAM/install/lio_sam/bin'
[46.762s] Level 1:colcon.colcon_core.environment:checking '/home/ceu/Desktop/LIO-SAM/install/lio_sam/lib/pkgconfig/lio_sam.pc'
[46.762s] Level 1:colcon.colcon_core.environment:checking '/home/ceu/Desktop/LIO-SAM/install/lio_sam/lib/python3.8/site-packages'
[46.762s] Level 1:colcon.colcon_core.shell:create_environment_hook('lio_sam', 'pythonpath')
[46.767s] INFO:colcon.colcon_core.shell:Creating environment hook '/home/ceu/Desktop/LIO-SAM/install/lio_sam/share/lio_sam/hook/pythonpath.ps1'
[46.768s] INFO:colcon.colcon_core.shell:Creating environment descriptor '/home/ceu/Desktop/LIO-SAM/install/lio_sam/share/lio_sam/hook/pythonpath.dsv'
[46.768s] INFO:colcon.colcon_core.shell:Creating environment hook '/home/ceu/Desktop/LIO-SAM/install/lio_sam/share/lio_sam/hook/pythonpath.sh'
[46.768s] Level 1:colcon.colcon_core.environment:checking '/home/ceu/Desktop/LIO-SAM/install/lio_sam/bin'
[46.773s] INFO:colcon.colcon_core.shell:Creating package script '/home/ceu/Desktop/LIO-SAM/install/lio_sam/share/lio_sam/package.ps1'
[46.774s] INFO:colcon.colcon_core.shell:Creating package descriptor '/home/ceu/Desktop/LIO-SAM/install/lio_sam/share/lio_sam/package.dsv'
[46.774s] INFO:colcon.colcon_core.shell:Creating package script '/home/ceu/Desktop/LIO-SAM/install/lio_sam/share/lio_sam/package.sh'
[46.775s] INFO:colcon.colcon_core.shell:Creating package script '/home/ceu/Desktop/LIO-SAM/install/lio_sam/share/lio_sam/package.bash'
[46.775s] INFO:colcon.colcon_core.shell:Creating package script '/home/ceu/Desktop/LIO-SAM/install/lio_sam/share/lio_sam/package.zsh'
[46.775s] Level 1:colcon.colcon_core.environment:create_file_with_runtime_dependencies(/home/ceu/Desktop/LIO-SAM/install/lio_sam/share/colcon-core/packages/lio_sam)
[46.818s] Level 1:colcon.colcon_core.environment:create_environment_scripts_only(lio_sam)
[46.824s] Level 1:colcon.colcon_core.environment:checking '/home/ceu/Desktop/LIO-SAM/install/lio_sam' for CMake module files
[46.824s] Level 1:colcon.colcon_core.environment:checking '/home/ceu/Desktop/LIO-SAM/install/lio_sam' for CMake config files
[46.824s] Level 1:colcon.colcon_core.shell:create_environment_hook('lio_sam', 'cmake_prefix_path')
[46.830s] INFO:colcon.colcon_core.shell:Creating environment hook '/home/ceu/Desktop/LIO-SAM/install/lio_sam/share/lio_sam/hook/cmake_prefix_path.ps1'
[46.830s] INFO:colcon.colcon_core.shell:Creating environment descriptor '/home/ceu/Desktop/LIO-SAM/install/lio_sam/share/lio_sam/hook/cmake_prefix_path.dsv'
[46.830s] INFO:colcon.colcon_core.shell:Creating environment hook '/home/ceu/Desktop/LIO-SAM/install/lio_sam/share/lio_sam/hook/cmake_prefix_path.sh'
[46.831s] Level 1:colcon.colcon_core.environment:checking '/home/ceu/Desktop/LIO-SAM/install/lio_sam/lib'
[46.831s] Level 1:colcon.colcon_core.shell:create_environment_hook('lio_sam', 'ld_library_path_lib')
[46.836s] INFO:colcon.colcon_core.shell:Creating environment hook '/home/ceu/Desktop/LIO-SAM/install/lio_sam/share/lio_sam/hook/ld_library_path_lib.ps1'
[46.836s] INFO:colcon.colcon_core.shell:Creating environment descriptor '/home/ceu/Desktop/LIO-SAM/install/lio_sam/share/lio_sam/hook/ld_library_path_lib.dsv'
[46.836s] INFO:colcon.colcon_core.shell:Creating environment hook '/home/ceu/Desktop/LIO-SAM/install/lio_sam/share/lio_sam/hook/ld_library_path_lib.sh'
[46.837s] Level 1:colcon.colcon_core.environment:checking '/home/ceu/Desktop/LIO-SAM/install/lio_sam/bin'
[46.837s] Level 1:colcon.colcon_core.environment:checking '/home/ceu/Desktop/LIO-SAM/install/lio_sam/lib/pkgconfig/lio_sam.pc'
[46.837s] Level 1:colcon.colcon_core.environment:checking '/home/ceu/Desktop/LIO-SAM/install/lio_sam/lib/python3.8/site-packages'
[46.837s] Level 1:colcon.colcon_core.shell:create_environment_hook('lio_sam', 'pythonpath')
[46.842s] INFO:colcon.colcon_core.shell:Creating environment hook '/home/ceu/Desktop/LIO-SAM/install/lio_sam/share/lio_sam/hook/pythonpath.ps1'
[46.842s] INFO:colcon.colcon_core.shell:Creating environment descriptor '/home/ceu/Desktop/LIO-SAM/install/lio_sam/share/lio_sam/hook/pythonpath.dsv'
[46.843s] INFO:colcon.colcon_core.shell:Creating environment hook '/home/ceu/Desktop/LIO-SAM/install/lio_sam/share/lio_sam/hook/pythonpath.sh'
[46.843s] Level 1:colcon.colcon_core.environment:checking '/home/ceu/Desktop/LIO-SAM/install/lio_sam/bin'
[46.848s] INFO:colcon.colcon_core.shell:Creating package script '/home/ceu/Desktop/LIO-SAM/install/lio_sam/share/lio_sam/package.ps1'
[46.849s] INFO:colcon.colcon_core.shell:Creating package descriptor '/home/ceu/Desktop/LIO-SAM/install/lio_sam/share/lio_sam/package.dsv'
[46.849s] INFO:colcon.colcon_core.shell:Creating package script '/home/ceu/Desktop/LIO-SAM/install/lio_sam/share/lio_sam/package.sh'
[46.849s] INFO:colcon.colcon_core.shell:Creating package script '/home/ceu/Desktop/LIO-SAM/install/lio_sam/share/lio_sam/package.bash'
[46.849s] INFO:colcon.colcon_core.shell:Creating package script '/home/ceu/Desktop/LIO-SAM/install/lio_sam/share/lio_sam/package.zsh'
[46.850s] Level 1:colcon.colcon_core.environment:create_file_with_runtime_dependencies(/home/ceu/Desktop/LIO-SAM/install/lio_sam/share/colcon-core/packages/lio_sam)
[46.850s] DEBUG:colcon.colcon_parallel_executor.executor.parallel:closing loop
[46.850s] DEBUG:colcon.colcon_parallel_executor.executor.parallel:loop closed
[46.850s] DEBUG:colcon.colcon_parallel_executor.executor.parallel:run_until_complete finished with '0'
[46.850s] DEBUG:colcon.colcon_core.event_reactor:joining thread
[46.859s] INFO:colcon.colcon_core.plugin_system:Skipping extension 'colcon_notification.desktop_notification.terminal_notifier': Not used on non-Darwin systems
[46.859s] INFO:colcon.colcon_core.plugin_system:Skipping extension 'colcon_notification.desktop_notification.win32': Not used on non-Windows systems
[46.859s] INFO:colcon.colcon_notification.desktop_notification:Sending desktop notification using 'notify2'
[46.872s] DEBUG:colcon.colcon_core.event_reactor:joined thread
[46.885s] INFO:colcon.colcon_core.shell:Creating prefix script '/home/ceu/Desktop/LIO-SAM/install/local_setup.ps1'
[46.885s] INFO:colcon.colcon_core.shell:Creating prefix util module '/home/ceu/Desktop/LIO-SAM/install/_local_setup_util_ps1.py'
[46.886s] INFO:colcon.colcon_core.shell:Creating prefix chain script '/home/ceu/Desktop/LIO-SAM/install/setup.ps1'
[46.892s] INFO:colcon.colcon_core.shell:Creating prefix script '/home/ceu/Desktop/LIO-SAM/install/local_setup.sh'
[46.892s] INFO:colcon.colcon_core.shell:Creating prefix util module '/home/ceu/Desktop/LIO-SAM/install/_local_setup_util_sh.py'
[46.892s] INFO:colcon.colcon_core.shell:Creating prefix chain script '/home/ceu/Desktop/LIO-SAM/install/setup.sh'
[46.898s] INFO:colcon.colcon_core.shell:Creating prefix script '/home/ceu/Desktop/LIO-SAM/install/local_setup.bash'
[46.898s] INFO:colcon.colcon_core.shell:Creating prefix chain script '/home/ceu/Desktop/LIO-SAM/install/setup.bash'
[46.904s] INFO:colcon.colcon_core.shell:Creating prefix script '/home/ceu/Desktop/LIO-SAM/install/local_setup.zsh'
[46.904s] INFO:colcon.colcon_core.shell:Creating prefix chain script '/home/ceu/Desktop/LIO-SAM/install/setup.zsh'
